<?xml version="1.0" encoding="UTF-8"?>
<!-- Generated by org.testng.reporters.JUnitReportReporter -->
<testsuite hostname="DESKTOP-MJNPV0D" failures="0" tests="1" name="com.SalesForce.Dummy" time="0.013" errors="0" timestamp="2022-02-17T19:03:11 EST" skipped="0">
  <testcase classname="com.SalesForce.Dummy" name="loginTest" time="0.013"/>
</testsuite> <!-- com.SalesForce.Dummy -->
