<?xml version="1.0" encoding="UTF-8"?>
<!-- Generated by org.testng.reporters.JUnitReportReporter -->
<testsuite hostname="DESKTOP-MJNPV0D" failures="0" tests="3" name="com.SalesForce.Login.NegativeLoginTest" time="1.269" errors="0" timestamp="2022-02-17T20:56:33 EST" skipped="0">
  <testcase classname="com.SalesForce.Login.NegativeLoginTest" name="userNameBox" time="0.725"/>
  <testcase classname="com.SalesForce.Login.NegativeLoginTest" name="passwordBox" time="0.237"/>
  <testcase classname="com.SalesForce.Login.NegativeLoginTest" name="signinButton" time="0.307"/>
</testsuite> <!-- com.SalesForce.Login.NegativeLoginTest -->
